<?xml version="1.0" encoding="UTF-8"?>
<!-- Generated by org.testng.reporters.JUnitReportReporter -->
<testsuite hostname="user-Latitude-3440" failures="0" tests="4" name="ApiTestcases.TestDDT" time="5.806" errors="0" timestamp="10 Jun 2025 19:35:19 GMT" skipped="1">
  <testcase classname="ApiTestcases.TestDDT" name="testcreateuser" time="1.505"/>
  <testcase classname="ApiTestcases.TestDDT" name="testcreateuser" time="2.620"/>
  <testcase classname="ApiTestcases.TestDDT" name="testcreateuser" time="1.681"/>
  <testcase classname="ApiTestcases.TestDDT" name="testgetuser" time="0.000">
    <skipped/>
  </testcase> <!-- testgetuser -->
</testsuite> <!-- ApiTestcases.TestDDT -->
