<?xml version="1.0" encoding="UTF-8"?>
<!-- Generated by org.testng.reporters.JUnitReportReporter -->
<testsuite hostname="user-Latitude-3440" failures="0" tests="4" name="ApiTestcases.TestDDT" time="11.459" errors="0" timestamp="31 May 2025 17:30:15 GMT" skipped="1">
  <testcase classname="ApiTestcases.TestDDT" name="testcreateuser" time="1.802"/>
  <testcase classname="ApiTestcases.TestDDT" name="testcreateuser" time="1.558"/>
  <testcase classname="ApiTestcases.TestDDT" name="testcreateuser" time="8.099"/>
  <testcase classname="ApiTestcases.TestDDT" name="testgetuser" time="0.000">
    <skipped/>
  </testcase> <!-- testgetuser -->
</testsuite> <!-- ApiTestcases.TestDDT -->
